1573723329785	geckodriver	DEBUG	Listening on 127.0.0.1:5959
1573723329895	webdriver::server	DEBUG	-> GET /status 
1573723329895	webdriver::server	DEBUG	<- 200 OK {"value":{"message":"","ready":true}}
1573723330483	webdriver::server	DEBUG	-> POST /session {"capabilities":{"browserName":"firefox","acceptSslCerts":true,"javascriptEnabled":true,"chromeOptions":{"args":["disable-gpu"]},"acceptInsecureCerts":true},"desiredCapabilities":{"browserName":"firefox","acceptSslCerts":true,"platform":"ANY","javascriptEnabled":true,"chromeOptions":{"args":["disable-gpu"]},"acceptInsecureCerts":true}}
1573723330483	mozrunner::runner	INFO	Running command: "C:\\Program Files\\Mozilla Firefox\\firefox.exe" "-marionette" "-foreground" "-no-remote" "-profile" "C:\\Users\\ARON~1.TOT\\AppData\\Local\\Temp\\rust_mozprofile2rAHcc"
1573723330495	geckodriver::marionette	DEBUG	Waiting 60s to connect to browser on 127.0.0.1:61641
1573723331184	addons.webextension.screenshots@mozilla.org	WARN	Loading extension 'screenshots@mozilla.org': Reading manifest: Invalid extension permission: mozillaAddons
1573723331184	addons.webextension.screenshots@mozilla.org	WARN	Loading extension 'screenshots@mozilla.org': Reading manifest: Invalid extension permission: telemetry
1573723331184	addons.webextension.screenshots@mozilla.org	WARN	Loading extension 'screenshots@mozilla.org': Reading manifest: Invalid extension permission: resource://pdf.js/
1573723331184	addons.webextension.screenshots@mozilla.org	WARN	Loading extension 'screenshots@mozilla.org': Reading manifest: Invalid extension permission: about:reader*
1573723331422	Marionette	DEBUG	Init aborted (running=false, enabled=true, finalUIStartup=false)
JavaScript error: resource://gre/modules/XULStore.jsm, line 66: Error: Can't find profile directory.
1573723332755	Marionette	DEBUG	Setting recommended pref apz.content_response_timeout to 60000
1573723332756	Marionette	DEBUG	Setting recommended pref browser.contentblocking.introCount to 99
1573723332756	Marionette	DEBUG	Setting recommended pref browser.download.panel.shown to true
1573723332756	Marionette	DEBUG	Setting recommended pref browser.newtabpage.enabled to false
1573723332757	Marionette	DEBUG	Setting recommended pref browser.pagethumbnails.capturing_disabled to true
1573723332757	Marionette	DEBUG	Setting recommended pref browser.search.update to false
1573723332757	Marionette	DEBUG	Setting recommended pref browser.tabs.disableBackgroundZombification to false
1573723332757	Marionette	DEBUG	Setting recommended pref browser.tabs.remote.separatePrivilegedContentProcess to false
1573723332757	Marionette	DEBUG	Setting recommended pref browser.tabs.unloadOnLowMemory to false
1573723332757	Marionette	DEBUG	Setting recommended pref browser.tabs.warnOnCloseOtherTabs to false
1573723332757	Marionette	DEBUG	Setting recommended pref browser.tabs.warnOnOpen to false
1573723332758	Marionette	DEBUG	Setting recommended pref browser.usedOnWindows10.introURL to 
1573723332758	Marionette	DEBUG	Setting recommended pref browser.urlbar.suggest.searches to false
1573723332759	Marionette	DEBUG	Setting recommended pref datareporting.policy.dataSubmissionPolicyAccepted to false
1573723332759	Marionette	DEBUG	Setting recommended pref dom.disable_beforeunload to true
1573723332759	Marionette	DEBUG	Setting recommended pref dom.disable_open_during_load to false
1573723332759	Marionette	DEBUG	Setting recommended pref dom.file.createInChild to true
1573723332759	Marionette	DEBUG	Setting recommended pref dom.max_chrome_script_run_time to 0
1573723332759	Marionette	DEBUG	Setting recommended pref dom.max_script_run_time to 0
1573723332760	Marionette	DEBUG	Setting recommended pref dom.push.connection.enabled to false
1573723332760	Marionette	DEBUG	Setting recommended pref extensions.getAddons.cache.enabled to false
1573723332760	Marionette	DEBUG	Setting recommended pref extensions.webservice.discoverURL to http://%(server)s/dummy/discoveryURL
1573723332760	Marionette	DEBUG	Setting recommended pref network.http.prompt-temp-redirect to false
1573723332760	Marionette	DEBUG	Setting recommended pref network.http.speculative-parallel-limit to 0
1573723332760	Marionette	DEBUG	Setting recommended pref privacy.trackingprotection.enabled to false
1573723332761	Marionette	DEBUG	Setting recommended pref security.fileuri.strict_origin_policy to false
1573723332761	Marionette	DEBUG	Setting recommended pref security.notification_enable_delay to 0
1573723332761	Marionette	DEBUG	Setting recommended pref signon.autofillForms to false
1573723332761	Marionette	DEBUG	Setting recommended pref signon.rememberSignons to false
1573723332761	Marionette	DEBUG	Setting recommended pref toolkit.cosmeticAnimations.enabled to false
1573723332794	Marionette	INFO	Listening on port 61641
1573723332794	Marionette	DEBUG	Remote service is active
1573723333230	Marionette	DEBUG	Accepted connection 0 from 127.0.0.1:61682
1573723333232	geckodriver::marionette	DEBUG	Connection to Marionette established on 127.0.0.1:61641.
1573723333234	Marionette	DEBUG	0 -> [0,1,"WebDriver:NewSession",{}]
1573723333261	Marionette	DEBUG	0 <- [1,1,null,{"sessionId":"4400cce2-1639-4490-860d-42f2505731a3","capabilities":{"browserName":"firefox","browserVersion":"70.0. ... \rust_mozprofile2rAHcc","moz:shutdownTimeout":60000,"moz:useNonSpecCompliantPointerOrigin":false,"moz:webdriverClick":true}}]
1573723333283	webdriver::server	DEBUG	<- 200 OK {"value":{"sessionId":"4400cce2-1639-4490-860d-42f2505731a3","capabilities":{"acceptInsecureCerts":false,"browserName":"firefox","browserVersion":"70.0.1","moz:accessibilityChecks":false,"moz:buildID":"20191030021342","moz:geckodriverVersion":"0.26.0","moz:headless":false,"moz:processID":19212,"moz:profile":"C:\\Users\\aron.toth\\AppData\\Local\\Temp\\rust_mozprofile2rAHcc","moz:shutdownTimeout":60000,"moz:useNonSpecCompliantPointerOrigin":false,"moz:webdriverClick":true,"pageLoadStrategy":"normal","platformName":"windows","platformVersion":"10.0","rotatable":false,"setWindowRect":true,"strictFileInteractability":false,"timeouts":{"implicit":0,"pageLoad":300000,"script":30000},"unhandledPromptBehavior":"dismiss and notify"}}}
1573723333307	webdriver::server	DEBUG	-> POST /session/4400cce2-1639-4490-860d-42f2505731a3/window/rect {"width":1280,"height":800}
1573723333308	Marionette	DEBUG	0 -> [0,2,"WebDriver:SetWindowRect",{"height":800,"width":1280}]
1573723333310	webdriver::server	DEBUG	-> POST /session/4400cce2-1639-4490-860d-42f2505731a3/url {"url":"http://google.com"}
1573723333321	Marionette	DEBUG	0 <- [1,2,null,{"x":4,"y":4,"width":1280,"height":800}]
1573723333322	webdriver::server	DEBUG	<- 200 OK {"value":{"x":4,"y":4,"width":1280,"height":800}}
1573723333324	Marionette	DEBUG	0 -> [0,3,"WebDriver:Navigate",{"url":"http://google.com"}]
1573723334647	Marionette	DEBUG	0 <- [1,3,null,{"value":null}]
1573723334648	webdriver::server	DEBUG	<- 200 OK {"value":null}
1573723334664	webdriver::server	DEBUG	-> POST /session/4400cce2-1639-4490-860d-42f2505731a3/elements {"using":"css selector","value":"body"}
1573723334665	Marionette	DEBUG	0 -> [0,4,"WebDriver:FindElements",{"using":"css selector","value":"body"}]
1573723334672	Marionette	DEBUG	0 <- [1,4,null,[{"element-6066-11e4-a52e-4f735466cecf":"a97f019c-b50c-4c42-a84f-a4cc96e269d9"}]]
1573723334674	webdriver::server	DEBUG	<- 200 OK {"value":[{"element-6066-11e4-a52e-4f735466cecf":"a97f019c-b50c-4c42-a84f-a4cc96e269d9"}]}
1573723334682	webdriver::server	DEBUG	-> GET /session/4400cce2-1639-4490-860d-42f2505731a3/element/a97f019c-b50c-4c42-a84f-a4cc96e269d9/displayed 
1573723334684	Marionette	DEBUG	0 -> [0,5,"WebDriver:IsElementDisplayed",{"id":"a97f019c-b50c-4c42-a84f-a4cc96e269d9"}]
1573723334695	Marionette	DEBUG	0 <- [1,5,null,{"value":true}]
1573723334696	webdriver::server	DEBUG	<- 200 OK {"value":true}
1573723334745	webdriver::server	DEBUG	-> GET /session/4400cce2-1639-4490-860d-42f2505731a3/title 
1573723334746	Marionette	DEBUG	0 -> [0,6,"WebDriver:GetTitle",{}]
1573723334746	Marionette	DEBUG	0 <- [1,6,null,{"value":"Google"}]
1573723334746	webdriver::server	DEBUG	<- 200 OK {"value":"Google"}
1573723334759	webdriver::server	DEBUG	-> POST /session/4400cce2-1639-4490-860d-42f2505731a3/elements {"using":"css selector","value":"input[name=\"q\"]"}
1573723334760	Marionette	DEBUG	0 -> [0,7,"WebDriver:FindElements",{"using":"css selector","value":"input[name=\"q\"]"}]
1573723334764	Marionette	DEBUG	0 <- [1,7,null,[{"element-6066-11e4-a52e-4f735466cecf":"4b5b6221-be35-44d8-b8fc-0c05330b0078"}]]
1573723334763	webdriver::server	DEBUG	<- 200 OK {"value":[{"element-6066-11e4-a52e-4f735466cecf":"4b5b6221-be35-44d8-b8fc-0c05330b0078"}]}
1573723334766	webdriver::server	DEBUG	-> GET /session/4400cce2-1639-4490-860d-42f2505731a3/element/4b5b6221-be35-44d8-b8fc-0c05330b0078/displayed 
1573723334768	Marionette	DEBUG	0 -> [0,8,"WebDriver:IsElementDisplayed",{"id":"4b5b6221-be35-44d8-b8fc-0c05330b0078"}]
1573723334779	Marionette	DEBUG	0 <- [1,8,null,{"value":true}]
1573723334779	webdriver::server	DEBUG	<- 200 OK {"value":true}
1573723334786	webdriver::server	DEBUG	-> POST /session/4400cce2-1639-4490-860d-42f2505731a3/elements {"using":"css selector","value":"input[name=\"q\"]"}
1573723334788	Marionette	DEBUG	0 -> [0,9,"WebDriver:FindElements",{"using":"css selector","value":"input[name=\"q\"]"}]
1573723334791	Marionette	DEBUG	0 <- [1,9,null,[{"element-6066-11e4-a52e-4f735466cecf":"4b5b6221-be35-44d8-b8fc-0c05330b0078"}]]
1573723334791	webdriver::server	DEBUG	<- 200 OK {"value":[{"element-6066-11e4-a52e-4f735466cecf":"4b5b6221-be35-44d8-b8fc-0c05330b0078"}]}
1573723334796	webdriver::server	DEBUG	-> GET /session/4400cce2-1639-4490-860d-42f2505731a3/element/4b5b6221-be35-44d8-b8fc-0c05330b0078/displayed 
1573723334798	Marionette	DEBUG	0 -> [0,10,"WebDriver:IsElementDisplayed",{"id":"4b5b6221-be35-44d8-b8fc-0c05330b0078"}]
1573723334814	Marionette	DEBUG	0 <- [1,10,null,{"value":true}]
1573723334815	webdriver::server	DEBUG	<- 200 OK {"value":true}
1573723334848	webdriver::server	DEBUG	-> POST /session/4400cce2-1639-4490-860d-42f2505731a3/elements {"using":"css selector","value":"#hplogo"}
1573723334851	Marionette	DEBUG	0 -> [0,11,"WebDriver:FindElements",{"using":"css selector","value":"#hplogo"}]
1573723334854	Marionette	DEBUG	0 <- [1,11,null,[{"element-6066-11e4-a52e-4f735466cecf":"9dc546ce-9427-4d6f-be44-99b8072dae20"}]]
1573723334853	webdriver::server	DEBUG	<- 200 OK {"value":[{"element-6066-11e4-a52e-4f735466cecf":"9dc546ce-9427-4d6f-be44-99b8072dae20"}]}
1573723334856	webdriver::server	DEBUG	-> GET /session/4400cce2-1639-4490-860d-42f2505731a3/element/9dc546ce-9427-4d6f-be44-99b8072dae20/displayed 
1573723334858	Marionette	DEBUG	0 -> [0,12,"WebDriver:IsElementDisplayed",{"id":"9dc546ce-9427-4d6f-be44-99b8072dae20"}]
1573723334865	Marionette	DEBUG	0 <- [1,12,null,{"value":true}]
1573723334865	webdriver::server	DEBUG	<- 200 OK {"value":true}
1573723334875	webdriver::server	DEBUG	-> DELETE /session/4400cce2-1639-4490-860d-42f2505731a3 
1573723334877	Marionette	DEBUG	0 -> [0,13,"Marionette:Quit",{"flags":["eForceQuit"]}]
1573723334878	Marionette	INFO	Stopped listening on port 61641
1573723334969	Marionette	DEBUG	0 <- [1,13,null,{"cause":"shutdown"}]
1573723335015	webdriver::server	DEBUG	Deleting session
1573723335025	Marionette	DEBUG	0 -> [0,14,"Marionette:Quit",{"flags":["eForceQuit"]}]
1573723335026	Marionette	DEBUG	0 <- [1,14,{"error":"invalid session id","message":"Tried to run command without establishing a connection","stacktrace":"WebDrive ... t@chrome://marionette/content/server.js:249:9\n_onJSONObjectReady/<@chrome://marionette/content/transport.js:501:20\n"},null]
1573723335048	Marionette	DEBUG	Closed connection 0
[Child 19140, Chrome_ChildThread] WARNING: pipe error: 109: file z:/task_1572401533/build/src/ipc/chromium/src/chrome/common/ipc_channel_win.cc, line 341
[Child 1911573723335536	Marionette	DEBUG	Resetting recommended pref apz.content_response_timeout
1573723335537	Marionette	DEBUG	Resetting recommended pref browser.contentblocking.introCount
1573723335537	Marionette	DEBUG	Resetting recommended pref browser.download.panel.shown
1573723335537	Marionette	DEBUG	Resetting recommended pref browser.newtabpage.enabled
1573723335537	Marionette	DEBUG	Resetting recommended pref browser.pagethumbnails.capturing_disabled
1573723335538	Marionette	DEBUG	Resetting recommended pref browser.search.update
1573723335538	Marionette	DEBUG	Resetting recommended pref browser.tabs.disableBackgroundZombification
1573723335539	Marionette	DEBUG	Resetting recommended pref browser.tabs.remote.separatePrivilegedContentProcess
1573723335539	Marionette	DEBUG	Resetting recommended pref browser.tabs.unloadOnLowMemory
1573723335539	Marionette	DEBUG	Resetting recommended pref browser.tabs.warnOnCloseOtherTabs
1573723335539	Marionette	DEBUG	Resetting recommended pref browser.tabs.warnOnOpen
1573723335539	Marionette	DEBUG	Resetting recommended pref browser.usedOnWindows10.introURL
1573723335539	Marionette	DEBUG	Resetting recommended pref browser.urlbar.suggest.searches
1573723335540	Marionette	DEBUG	Resetting recommended pref datareporting.policy.dataSubmissionPolicyAccepted
1573723335540	Marionette	DEBUG	Resetting recommended pref dom.disable_beforeunload
1573723335540	Marionette	DEBUG	Resetting recommended pref dom.disable_open_during_load
1573723335540	Marionette	DEBUG	Resetting recommended pref dom.file.createInChild
1573723335540	Marionette	DEBUG	Resetting recommended pref dom.max_chrome_script_run_time
1573723335540	Marionette	DEBUG	Resetting recommended pref dom.max_script_run_time
1573723335541	Marionette	DEBUG	Resetting recommended pref dom.push.connection.enabled
1573723335541	Marionette	DEBUG	Resetting recommended pref extensions.getAddons.cache.enabled
1573723335541	Marionette	DEBUG	Resetting recommended pref extensions.webservice.discoverURL
1573723335541	Marionette	DEBUG	Resetting recommended pref network.http.prompt-temp-redirect
1573723335541	Marionette	DEBUG	Resetting recommended pref network.http.speculative-parallel-limit
1573723335541	Marionette	DEBUG	Resetting recommended pref privacy.trackingprotection.enabled
1573723335541	Marionette	DEBUG	Resetting recommended pref security.fileuri.strict_origin_policy
1573723335541	Marionette	DEBUG	Resetting recommended pref security.notification_enable_delay
1573723335541	Marionette	DEBUG	Resetting recommended pref signon.autofillForms
1573723335541	Marionette	DEBUG	Resetting recommended pref signon.rememberSignons
1573723335542	Marionette	DEBUG	Resetting recommended pref toolkit.cosmeticAnimations.enabled
1573723335542	Marionette	DEBUG	Remote service is inactive

###!!! [Child][RunMessage] Error: Channel closing: too late to send/recv, messages will be lost

[GPU 1552, Chrom
###!!! [Child][MessageChannel::SendAndWait] Error: Channel error: cannot send/recv

1573723335968	geckodriver::marionette	DEBUG	Browser process stopped: exit code: 0
1573723336025	webdriver::server	DEBUG	<- 200 OK {"value":null}
